生成启动时间为 2018/5/17 3:02:40。
     1>项目“E:\Language\C++\Algorithms\build\searchProj.vcxproj”在节点 2 上(Build 个目标)。
     1>InitializeBuildStatus:
         正在创建“searchProj.dir\Debug\searchProj.tlog\unsuccessfulbuild”，因为已指定“AlwaysCreate”。
       CustomBuild:
         所有输出均为最新。
       ClCompile:
         D:\Program Files (x86)\Microsoft Visual Studio 12.0\VC\bin\CL.exe /c /Zi /nologo /W3 /WX- /Od /Ob0 /Oy- /D WIN32 /D _WINDOWS /D "CMAKE_INTDIR=\"Debug\"" /D _MBCS /Gm- /EHsc /RTC1 /MDd /GS /fp:precise /Zc:wchar_t /Zc:forScope /GR /Fo"searchProj.dir\Debug\\" /Fd"searchProj.dir\Debug\vc120.pdb" /Gd /TP /analyze- /errorReport:prompt E:\Language\C++\Algorithms\search\SearchProj.cpp
         SearchProj.cpp
     1>E:\Language\C++\Algorithms\search\SearchProj.cpp(63): warning C4018: “<”: 有符号/无符号不匹配
     1>E:\Language\C++\Algorithms\search\SearchProj.cpp(65): warning C4018: “<”: 有符号/无符号不匹配
       Link:
         D:\Program Files (x86)\Microsoft Visual Studio 12.0\VC\bin\link.exe /ERRORREPORT:PROMPT /OUT:"E:\Language\C++\Algorithms\build\Debug\searchProj.exe" /INCREMENTAL /NOLOGO kernel32.lib user32.lib gdi32.lib winspool.lib shell32.lib ole32.lib oleaut32.lib uuid.lib comdlg32.lib advapi32.lib /MANIFEST /MANIFESTUAC:"level='asInvoker' uiAccess='false'" /manifest:embed /DEBUG /PDB:"E:/Language/C++/Algorithms/build/Debug/searchProj.pdb" /SUBSYSTEM:CONSOLE /TLBID:1 /DYNAMICBASE /NXCOMPAT /IMPLIB:"E:/Language/C++/Algorithms/build/Debug/searchProj.lib" /MACHINE:X86 /SAFESEH   /machine:X86 searchProj.dir\Debug\SearchProj.obj
         searchProj.dir\Debug\SymbolTable.obj
         searchProj.vcxproj -> E:\Language\C++\Algorithms\build\Debug\searchProj.exe
       FinalizeBuildStatus:
         正在删除文件“searchProj.dir\Debug\searchProj.tlog\unsuccessfulbuild”。
         正在对“searchProj.dir\Debug\searchProj.tlog\searchProj.lastbuildstate”执行 Touch 任务。
     1>已完成生成项目“E:\Language\C++\Algorithms\build\searchProj.vcxproj”(Build 个目标)的操作。

生成成功。

已用时间 00:00:00.72
